cart_int_initalOptXYZ_aligned_sp.out
cart_ts_initalOptXYZ_aligned_sp.out
zmat_int_initalOpt_zmat_sp.out
zmat_ts_initalOpt_zmat_sp.out
5_dipoleCalculation_boss.sh
cart_int_initalOptXYZ_aligned_sp_dipole.txt
cart_int_initalOptXYZ_aligned_sp.out
cart_ts_initalOptXYZ_aligned_sp_dipole.txt
cart_ts_initalOptXYZ_aligned_sp.out
countinueProcesses.sh
dipoleOrienter.py
stopDueToZero.sh
zmat_int_initalOpt_zmat_sp_dipole.txt
zmat_int_initalOpt_zmat_sp.out
zmat_ts_initalOpt_zmat_sp_dipole.txt
zmat_ts_initalOpt_zmat_sp.out
creating a .gjf for ts_zmat
creating a .gjf for int_zmat
creating a directory for files related to ts_zmat_field_N25
creating a temporary SLURM submission script for ts_zmat_field_N25
Submitted batch job 9896847
creating a directory for files related to int_zmat_field_N25
creating a temporary SLURM submission script for int_zmat_field_N25
Submitted batch job 9896848
creating a .gjf for ts_zmat
creating a .gjf for int_zmat
creating a .gjf for ts_zmat
creating a .gjf for int_zmat
creating a .gjf for ts_zmat
creating a .gjf for int_zmat
